Using pre-set license
Built from '2020.3/staging' branch; Version is '2020.3.21f1 (a38c86f6690f) revision 10718342'; Using compiler version '192528614'; Build Type 'Release'
OS: 'Windows 10 Home; OS build 19042.1415; Version 2009; 64bit' Language: 'pl' Physical Memory: 3961 MB
BatchMode: 1, IsHumanControllingUs: 0, StartBugReporterOnCrash: 0, Is64bit: 1, IsPro: 0

COMMAND LINE ARGUMENTS:
C:\Program Files\Unity\Hub\Editor\2020.3.21f1\Editor\Unity.exe
-adb2
-batchMode
-noUpm
-name
AssetImportWorker0
-projectPath
C:/Users/Żaneta/Documents/Astatinum/Astatinum
-logFile
Logs/AssetImportWorker0.log
-srvPort
63700
Successfully changed project path to: C:/Users/Żaneta/Documents/Astatinum/Astatinum
C:/Users/Żaneta/Documents/Astatinum/Astatinum
Using Asset Import Pipeline V2.
Refreshing native plugins compatible for Editor in 137.39 ms, found 2 plugins.
Preloading 0 native plugins for Editor in 0.00 ms.
Initialize engine version: 2020.3.21f1 (a38c86f6690f)
[Subsystems] Discovering subsystems at path C:/Program Files/Unity/Hub/Editor/2020.3.21f1/Editor/Data/Resources/UnitySubsystems
[Subsystems] Discovering subsystems at path C:/Users/Żaneta/Documents/Astatinum/Astatinum/Assets
GfxDevice: creating device client; threaded=0
Direct3D:
    Version:  Direct3D 11.0 [level 11.1]
    Renderer: Intel(R) HD Graphics 620 (ID=0x5921)
    Vendor:   
    VRAM:     1980 MB
    Driver:   27.20.100.9664
Initialize mono
Mono path[0] = 'C:/Program Files/Unity/Hub/Editor/2020.3.21f1/Editor/Data/Managed'
Mono path[1] = 'C:/Program Files/Unity/Hub/Editor/2020.3.21f1/Editor/Data/MonoBleedingEdge/lib/mono/unityjit'
Mono config path = 'C:/Program Files/Unity/Hub/Editor/2020.3.21f1/Editor/Data/MonoBleedingEdge/etc'
Using monoOptions --debugger-agent=transport=dt_socket,embedding=1,server=y,suspend=n,address=127.0.0.1:56132
Begin MonoManager ReloadAssembly
Registering precompiled unity dll's ...
Register platform support module: C:/Program Files/Unity/Hub/Editor/2020.3.21f1/Editor/Data/PlaybackEngines/WindowsStandaloneSupport/UnityEditor.WindowsStandalone.Extensions.dll
Registered in 0.008122 seconds.
Native extension for WindowsStandalone target not found
Refreshing native plugins compatible for Editor in 204.25 ms, found 2 plugins.
Preloading 0 native plugins for Editor in 0.00 ms.
Mono: successfully reloaded assembly
- Completed reload, in  7.447 seconds
Domain Reload Profiling:
	ReloadAssembly (7448ms)
		BeginReloadAssembly (320ms)
			ExecutionOrderSort (0ms)
			DisableScriptedObjects (0ms)
			BackupInstance (0ms)
			ReleaseScriptingObjects (0ms)
			CreateAndSetChildDomain (7ms)
		EndReloadAssembly (1651ms)
			LoadAssemblies (305ms)
			RebuildTransferFunctionScriptingTraits (4ms)
			SetupTypeCache (439ms)
			ReleaseScriptCaches (1ms)
			RebuildScriptCaches (162ms)
			SetupLoadedEditorAssemblies (731ms)
				LogAssemblyErrors (0ms)
				InitializePlatformSupportModulesInManaged (21ms)
				SetLoadedEditorAssemblies (0ms)
				RefreshPlugins (204ms)
				BeforeProcessingInitializeOnLoad (42ms)
				ProcessInitializeOnLoadAttributes (372ms)
				ProcessInitializeOnLoadMethodAttributes (88ms)
				AfterProcessingInitializeOnLoad (0ms)
				EditorAssembliesLoaded (2ms)
			ExecutionOrderSort2 (0ms)
			AwakeInstancesAfterBackupRestoration (0ms)
Platform modules already initialized, skipping
Registering precompiled user dll's ...
Registered in 0.010080 seconds.
Begin MonoManager ReloadAssembly
Native extension for WindowsStandalone target not found
Refreshing native plugins compatible for Editor in 83.95 ms, found 2 plugins.
Preloading 0 native plugins for Editor in 0.00 ms.
Mono: successfully reloaded assembly
- Completed reload, in  3.261 seconds
Domain Reload Profiling:
	ReloadAssembly (3265ms)
		BeginReloadAssembly (604ms)
			ExecutionOrderSort (1ms)
			DisableScriptedObjects (24ms)
			BackupInstance (0ms)
			ReleaseScriptingObjects (0ms)
			CreateAndSetChildDomain (85ms)
		EndReloadAssembly (2471ms)
			LoadAssemblies (279ms)
			RebuildTransferFunctionScriptingTraits (0ms)
			SetupTypeCache (889ms)
			ReleaseScriptCaches (1ms)
			RebuildScriptCaches (123ms)
			SetupLoadedEditorAssemblies (871ms)
				LogAssemblyErrors (0ms)
				InitializePlatformSupportModulesInManaged (8ms)
				SetLoadedEditorAssemblies (0ms)
				RefreshPlugins (84ms)
				BeforeProcessingInitializeOnLoad (108ms)
				ProcessInitializeOnLoadAttributes (618ms)
				ProcessInitializeOnLoadMethodAttributes (35ms)
				AfterProcessingInitializeOnLoad (17ms)
				EditorAssembliesLoaded (1ms)
			ExecutionOrderSort2 (0ms)
			AwakeInstancesAfterBackupRestoration (23ms)
Platform modules already initialized, skipping
========================================================================
Worker process is ready to serve import requests
Launched and connected shader compiler UnityShaderCompiler.exe after 0.27 seconds
Refreshing native plugins compatible for Editor in 0.83 ms, found 2 plugins.
Preloading 0 native plugins for Editor in 0.00 ms.
Unloading 1916 Unused Serialized files (Serialized files now loaded: 0)
System memory in use before: 84.0 MB.
System memory in use after: 84.1 MB.

Unloading 21 unused Assets to reduce memory usage. Loaded Objects now: 2351.
Total: 10.010600 ms (FindLiveObjects: 0.507600 ms CreateObjectMapping: 0.170700 ms MarkObjects: 9.210700 ms  DeleteObjects: 0.118400 ms)

AssetImportParameters requested are different than current active one (requested -> active):
  custom:framework-win-MediaFoundation: 216162199b28c13a410421893ffa2e32 -> 
  custom:video-decoder-ogg-theora: a1e56fd34408186e4bbccfd4996cb3dc -> 
  custom:container-muxer-webm: aa71ff27fc2769a1b78a27578f13a17b -> 
  custom:container-demuxer-webm: 4f35f7cbe854078d1ac9338744f61a02 -> 
  custom:container-demuxer-ogg: 62fdf1f143b41e24485cea50d1cbac27 -> 
  custom:video-encoder-webm-vp8: eb34c28f22e8b96e1ab97ce403110664 -> 
  custom:video-decoder-webm-vp8: 9c59270c3fd7afecdb556c50c9e8de78 -> 
  custom:audio-decoder-ogg-vorbis: bf7c407c2cedff20999df2af8eb42d56 -> 
  custom:audio-encoder-webm-vorbis: bf7c407c2cedff20999df2af8eb42d56 -> 
========================================================================
Received Import Request.
  path: Assets/Scenes/Tutorial.unity
  artifactKey: Guid(069175a60cadae74f82d8cd87f41f7b2) Importer(815301076,1909f56bfc062723c751e8b465ee728b)
Start importing Assets/Scenes/Tutorial.unity using Guid(069175a60cadae74f82d8cd87f41f7b2) Importer(815301076,1909f56bfc062723c751e8b465ee728b)  -> (artifact id: '2299be67b95a3c103e88fe23b31c7cf3') in 0.061584 seconds 
  Import took 0.068769 seconds .

========================================================================
Received Import Request.
  Time since last request: 0.000645 seconds.
  path: Assets/Scenes/Opcje.unity
  artifactKey: Guid(3499ec8eafba2f94f843519e9216c85a) Importer(815301076,1909f56bfc062723c751e8b465ee728b)
Start importing Assets/Scenes/Opcje.unity using Guid(3499ec8eafba2f94f843519e9216c85a) Importer(815301076,1909f56bfc062723c751e8b465ee728b)  -> (artifact id: '37763bb6428427501ca42db70ec6b060') in 0.013341 seconds 
  Import took 0.020203 seconds .

========================================================================
Received Import Request.
  Time since last request: 2.733283 seconds.
  path: Assets/Scenes/Menu.unity
  artifactKey: Guid(408b3b506c56c2d40aca6d1f45e16d9e) Importer(815301076,1909f56bfc062723c751e8b465ee728b)
Start importing Assets/Scenes/Menu.unity using Guid(408b3b506c56c2d40aca6d1f45e16d9e) Importer(815301076,1909f56bfc062723c751e8b465ee728b)  -> (artifact id: '1214654e513177ae666680f8e82a6e4c') in 0.042421 seconds 
  Import took 0.050749 seconds .

========================================================================
Received Import Request.
  Time since last request: 4.474812 seconds.
  path: Assets/Scenes/SampleScene.unity
  artifactKey: Guid(9fc0d4010bbf28b4594072e72b8655ab) Importer(815301076,1909f56bfc062723c751e8b465ee728b)
Start importing Assets/Scenes/SampleScene.unity using Guid(9fc0d4010bbf28b4594072e72b8655ab) Importer(815301076,1909f56bfc062723c751e8b465ee728b)  -> (artifact id: '50d30d51a7437b5c97c5c7989f8b8b18') in 0.036507 seconds 
  Import took 0.049366 seconds .

========================================================================
Received Import Request.
  Time since last request: 60.327450 seconds.
  path: Assets/_Game/Materials/Ground.mat
  artifactKey: Guid(6874f7e3c0593e84daacac7ba2724894) Importer(815301076,1909f56bfc062723c751e8b465ee728b)
Start importing Assets/_Game/Materials/Ground.mat using Guid(6874f7e3c0593e84daacac7ba2724894) Importer(815301076,1909f56bfc062723c751e8b465ee728b)  -> (artifact id: 'b35830c4f99369345ea704b7eed0f8bf') in 0.400585 seconds 
  Import took 0.410404 seconds .

========================================================================
Received Import Request.
  Time since last request: 0.000369 seconds.
  path: Assets/_Game/Materials/Walls.mat
  artifactKey: Guid(ed587264267aff14ca586896cfec5c77) Importer(815301076,1909f56bfc062723c751e8b465ee728b)
Start importing Assets/_Game/Materials/Walls.mat using Guid(ed587264267aff14ca586896cfec5c77) Importer(815301076,1909f56bfc062723c751e8b465ee728b)  -> (artifact id: 'a45a85a5b2504383414217de0d2a70d7') in 0.149548 seconds 
  Import took 0.161196 seconds .

========================================================================
Received Import Request.
  Time since last request: 310.564240 seconds.
  path: Assets/_Game/Sprite/autorzy.png
  artifactKey: Guid(d3e8203aceb91524099cd978726f7761) Importer(815301076,1909f56bfc062723c751e8b465ee728b)
Start importing Assets/_Game/Sprite/autorzy.png using Guid(d3e8203aceb91524099cd978726f7761) Importer(815301076,1909f56bfc062723c751e8b465ee728b)  -> (artifact id: 'ff3d21ef69a4e084f6e5b949dc156e8b') in 0.341560 seconds 
  Import took 0.374450 seconds .

========================================================================
Received Import Request.
  Time since last request: 0.001941 seconds.
  path: Assets/_Game/Sprite/menu_2.png
  artifactKey: Guid(aea406f82dde05849bb48aa38d388be2) Importer(815301076,1909f56bfc062723c751e8b465ee728b)
Start importing Assets/_Game/Sprite/menu_2.png using Guid(aea406f82dde05849bb48aa38d388be2) Importer(815301076,1909f56bfc062723c751e8b465ee728b)  -> (artifact id: 'c48e008ad0dfc3c8c318f18d759d02ba') in 0.230530 seconds 
  Import took 0.245638 seconds .

========================================================================
Received Import Request.
  Time since last request: 0.000105 seconds.
  path: Assets/_Game/Sprite/opcje.png
  artifactKey: Guid(1703db3b6bbcc134b86b93932ab837a8) Importer(815301076,1909f56bfc062723c751e8b465ee728b)
Start importing Assets/_Game/Sprite/opcje.png using Guid(1703db3b6bbcc134b86b93932ab837a8) Importer(815301076,1909f56bfc062723c751e8b465ee728b)  -> (artifact id: '7cab8741a392db96230da1faa79b01d4') in 0.071947 seconds 
  Import took 0.118537 seconds .

========================================================================
Received Import Request.
  Time since last request: 0.000336 seconds.
  path: Assets/_Game/Sprite/menu_3.png
  artifactKey: Guid(01849f84adc52124984dea00739a09ce) Importer(815301076,1909f56bfc062723c751e8b465ee728b)
Start importing Assets/_Game/Sprite/menu_3.png using Guid(01849f84adc52124984dea00739a09ce) Importer(815301076,1909f56bfc062723c751e8b465ee728b)  -> (artifact id: '0eaa6d36125f87d5382ba30e6b736b63') in 0.100653 seconds 
  Import took 0.106199 seconds .

========================================================================
Received Import Request.
  Time since last request: 0.000341 seconds.
  path: Assets/_Game/Sprite/menu_1.png
  artifactKey: Guid(b7fd6da15c7bd8747adf923796325ee9) Importer(815301076,1909f56bfc062723c751e8b465ee728b)
Start importing Assets/_Game/Sprite/menu_1.png using Guid(b7fd6da15c7bd8747adf923796325ee9) Importer(815301076,1909f56bfc062723c751e8b465ee728b)  -> (artifact id: '82e0e78ee12eecdb1aab640e6ce9d0c8') in 0.185143 seconds 
  Import took 0.213949 seconds .

========================================================================
Received Import Request.
  Time since last request: 0.000394 seconds.
  path: Assets/_Game/Sprite/postac.png
  artifactKey: Guid(ace5115151431414abeb4f7fc56f8ca6) Importer(815301076,1909f56bfc062723c751e8b465ee728b)
Start importing Assets/_Game/Sprite/postac.png using Guid(ace5115151431414abeb4f7fc56f8ca6) Importer(815301076,1909f56bfc062723c751e8b465ee728b)  -> (artifact id: '3f7b64c71a5b0e6d475e4889c6379db5') in 0.145717 seconds 
  Import took 0.153888 seconds .

========================================================================
Received Import Request.
  Time since last request: 1292.878185 seconds.
  path: Assets/_Game/Scripts/Buttons.cs
  artifactKey: Guid(a6db6d28b61028c43aab317314a26e49) Importer(815301076,1909f56bfc062723c751e8b465ee728b)
Start importing Assets/_Game/Scripts/Buttons.cs using Guid(a6db6d28b61028c43aab317314a26e49) Importer(815301076,1909f56bfc062723c751e8b465ee728b)  -> (artifact id: '25f8a752b788e2b1fea7a62628731255') in 0.075507 seconds 
  Import took 0.610945 seconds .

========================================================================
Received Prepare
Registering precompiled user dll's ...
Registered in 0.027887 seconds.
Begin MonoManager ReloadAssembly
Native extension for WindowsStandalone target not found
Refreshing native plugins compatible for Editor in 1.09 ms, found 2 plugins.
Preloading 0 native plugins for Editor in 0.00 ms.
Mono: successfully reloaded assembly
- Completed reload, in  7.952 seconds
Domain Reload Profiling:
	ReloadAssembly (8054ms)
		BeginReloadAssembly (4591ms)
			ExecutionOrderSort (0ms)
			DisableScriptedObjects (602ms)
			BackupInstance (0ms)
			ReleaseScriptingObjects (3ms)
			CreateAndSetChildDomain (2116ms)
		EndReloadAssembly (3145ms)
			LoadAssemblies (498ms)
			RebuildTransferFunctionScriptingTraits (34ms)
			SetupTypeCache (878ms)
			ReleaseScriptCaches (4ms)
			RebuildScriptCaches (339ms)
			SetupLoadedEditorAssemblies (1042ms)
				LogAssemblyErrors (0ms)
				InitializePlatformSupportModulesInManaged (22ms)
				SetLoadedEditorAssemblies (4ms)
				RefreshPlugins (1ms)
				BeforeProcessingInitializeOnLoad (140ms)
				ProcessInitializeOnLoadAttributes (835ms)
				ProcessInitializeOnLoadMethodAttributes (26ms)
				AfterProcessingInitializeOnLoad (13ms)
				EditorAssembliesLoaded (1ms)
			ExecutionOrderSort2 (0ms)
			AwakeInstancesAfterBackupRestoration (16ms)
Platform modules already initialized, skipping
Refreshing native plugins compatible for Editor in 0.59 ms, found 2 plugins.
Preloading 0 native plugins for Editor in 0.00 ms.
Unloading 1897 Unused Serialized files (Serialized files now loaded: 0)
System memory in use before: 86.3 MB.
System memory in use after: 86.5 MB.

Unloading 14 unused Assets to reduce memory usage. Loaded Objects now: 2398.
Total: 35.099600 ms (FindLiveObjects: 2.743000 ms CreateObjectMapping: 0.243400 ms MarkObjects: 32.062700 ms  DeleteObjects: 0.048000 ms)

AssetImportParameters requested are different than current active one (requested -> active):
  custom:framework-win-MediaFoundation: 216162199b28c13a410421893ffa2e32 -> 
  custom:video-decoder-ogg-theora: a1e56fd34408186e4bbccfd4996cb3dc -> 
  custom:container-muxer-webm: aa71ff27fc2769a1b78a27578f13a17b -> 
  custom:container-demuxer-webm: 4f35f7cbe854078d1ac9338744f61a02 -> 
  custom:container-demuxer-ogg: 62fdf1f143b41e24485cea50d1cbac27 -> 
  custom:video-encoder-webm-vp8: eb34c28f22e8b96e1ab97ce403110664 -> 
  custom:video-decoder-webm-vp8: 9c59270c3fd7afecdb556c50c9e8de78 -> 
  custom:audio-decoder-ogg-vorbis: bf7c407c2cedff20999df2af8eb42d56 -> 
  custom:audio-encoder-webm-vorbis: bf7c407c2cedff20999df2af8eb42d56 -> 
========================================================================
Received Import Request.
  Time since last request: 219.233567 seconds.
  path: Assets/_Game/Scripts/Buttons.cs
  artifactKey: Guid(a6db6d28b61028c43aab317314a26e49) Importer(815301076,1909f56bfc062723c751e8b465ee728b)
Start importing Assets/_Game/Scripts/Buttons.cs using Guid(a6db6d28b61028c43aab317314a26e49) Importer(815301076,1909f56bfc062723c751e8b465ee728b)  -> (artifact id: '6668a935cde22c4030693ae1d3023bab') in 0.031202 seconds 
  Import took 0.052647 seconds .

========================================================================
Received Import Request.
  Time since last request: 144.851678 seconds.
  path: Assets/Scenes/Tutorial.unity
  artifactKey: Guid(069175a60cadae74f82d8cd87f41f7b2) Importer(815301076,1909f56bfc062723c751e8b465ee728b)
Start importing Assets/Scenes/Tutorial.unity using Guid(069175a60cadae74f82d8cd87f41f7b2) Importer(815301076,1909f56bfc062723c751e8b465ee728b)  -> (artifact id: '2be5c7bcb712fcb8208f9ec3379bdbe3') in 0.042802 seconds 
  Import took 0.070117 seconds .

========================================================================
Received Import Request.
  Time since last request: 64.586540 seconds.
  path: Assets/Scenes/Menu.unity
  artifactKey: Guid(408b3b506c56c2d40aca6d1f45e16d9e) Importer(815301076,1909f56bfc062723c751e8b465ee728b)
Start importing Assets/Scenes/Menu.unity using Guid(408b3b506c56c2d40aca6d1f45e16d9e) Importer(815301076,1909f56bfc062723c751e8b465ee728b)  -> (artifact id: '0e49f02fd814e439ead5dcb1149afd55') in 0.025132 seconds 
  Import took 0.032480 seconds .

========================================================================
Received Import Request.
  Time since last request: 56.473763 seconds.
  path: Assets/Scenes/SampleScene.unity
  artifactKey: Guid(9fc0d4010bbf28b4594072e72b8655ab) Importer(815301076,1909f56bfc062723c751e8b465ee728b)
Start importing Assets/Scenes/SampleScene.unity using Guid(9fc0d4010bbf28b4594072e72b8655ab) Importer(815301076,1909f56bfc062723c751e8b465ee728b)  -> (artifact id: '4448b30a850b2dfdd0d9d21d8e858e16') in 0.059345 seconds 
  Import took 0.076041 seconds .

========================================================================
Received Import Request.
  Time since last request: 18.804052 seconds.
  path: Assets/Scenes/Autorzy.unity
  artifactKey: Guid(e040e56a10bc9d94b9147a096745a30f) Importer(815301076,1909f56bfc062723c751e8b465ee728b)
Start importing Assets/Scenes/Autorzy.unity using Guid(e040e56a10bc9d94b9147a096745a30f) Importer(815301076,1909f56bfc062723c751e8b465ee728b)  -> (artifact id: 'cd571bea219292531b17ea821a500270') in 0.035961 seconds 
  Import took 0.046034 seconds .

========================================================================
Received Prepare
Registering precompiled user dll's ...
Registered in 0.008605 seconds.
Begin MonoManager ReloadAssembly
Native extension for WindowsStandalone target not found
Refreshing native plugins compatible for Editor in 1.03 ms, found 2 plugins.
Preloading 0 native plugins for Editor in 0.00 ms.
Mono: successfully reloaded assembly
- Completed reload, in  4.880 seconds
Domain Reload Profiling:
	ReloadAssembly (4888ms)
		BeginReloadAssembly (713ms)
			ExecutionOrderSort (0ms)
			DisableScriptedObjects (63ms)
			BackupInstance (0ms)
			ReleaseScriptingObjects (0ms)
			CreateAndSetChildDomain (362ms)
		EndReloadAssembly (3807ms)
			LoadAssemblies (258ms)
			RebuildTransferFunctionScriptingTraits (4ms)
			SetupTypeCache (1462ms)
			ReleaseScriptCaches (2ms)
			RebuildScriptCaches (159ms)
			SetupLoadedEditorAssemblies (1368ms)
				LogAssemblyErrors (0ms)
				InitializePlatformSupportModulesInManaged (12ms)
				SetLoadedEditorAssemblies (2ms)
				RefreshPlugins (1ms)
				BeforeProcessingInitializeOnLoad (182ms)
				ProcessInitializeOnLoadAttributes (1110ms)
				ProcessInitializeOnLoadMethodAttributes (39ms)
				AfterProcessingInitializeOnLoad (21ms)
				EditorAssembliesLoaded (1ms)
			ExecutionOrderSort2 (0ms)
			AwakeInstancesAfterBackupRestoration (22ms)
Platform modules already initialized, skipping
Refreshing native plugins compatible for Editor in 0.98 ms, found 2 plugins.
Preloading 0 native plugins for Editor in 0.00 ms.
Unloading 1897 Unused Serialized files (Serialized files now loaded: 0)
System memory in use before: 86.4 MB.
System memory in use after: 86.5 MB.

Unloading 14 unused Assets to reduce memory usage. Loaded Objects now: 2400.
Total: 10.497700 ms (FindLiveObjects: 1.189300 ms CreateObjectMapping: 0.211400 ms MarkObjects: 8.250200 ms  DeleteObjects: 0.844100 ms)

AssetImportParameters requested are different than current active one (requested -> active):
  custom:framework-win-MediaFoundation: 216162199b28c13a410421893ffa2e32 -> 
  custom:video-decoder-ogg-theora: a1e56fd34408186e4bbccfd4996cb3dc -> 
  custom:container-muxer-webm: aa71ff27fc2769a1b78a27578f13a17b -> 
  custom:container-demuxer-webm: 4f35f7cbe854078d1ac9338744f61a02 -> 
  custom:container-demuxer-ogg: 62fdf1f143b41e24485cea50d1cbac27 -> 
  custom:video-encoder-webm-vp8: eb34c28f22e8b96e1ab97ce403110664 -> 
  custom:video-decoder-webm-vp8: 9c59270c3fd7afecdb556c50c9e8de78 -> 
  custom:audio-decoder-ogg-vorbis: bf7c407c2cedff20999df2af8eb42d56 -> 
  custom:audio-encoder-webm-vorbis: bf7c407c2cedff20999df2af8eb42d56 -> 
========================================================================
Received Import Request.
  Time since last request: 19.038365 seconds.
  path: Assets/Scenes/Tutorial.unity
  artifactKey: Guid(069175a60cadae74f82d8cd87f41f7b2) Importer(815301076,1909f56bfc062723c751e8b465ee728b)
Start importing Assets/Scenes/Tutorial.unity using Guid(069175a60cadae74f82d8cd87f41f7b2) Importer(815301076,1909f56bfc062723c751e8b465ee728b)  -> (artifact id: 'cf9da3854481992aa04b0d78c509ecef') in 0.055977 seconds 
  Import took 0.066887 seconds .

========================================================================
Received Import Request.
  Time since last request: 44.611067 seconds.
  path: Assets/_Game/Light/Lighting Settings.lighting
  artifactKey: Guid(dec1cdda9abbc4e47976d6c1f3163c86) Importer(815301076,1909f56bfc062723c751e8b465ee728b)
Start importing Assets/_Game/Light/Lighting Settings.lighting using Guid(dec1cdda9abbc4e47976d6c1f3163c86) Importer(815301076,1909f56bfc062723c751e8b465ee728b)  -> (artifact id: 'cdc5ee8a6fed059290087afd041a14d8') in 0.053572 seconds 
  Import took 0.063564 seconds .

========================================================================
Received Import Request.
  Time since last request: 29.725333 seconds.
  path: Assets/_Game/Light/New Lighting Settings.lighting
  artifactKey: Guid(09f862aa8db835f43b9eeff594e0e855) Importer(815301076,1909f56bfc062723c751e8b465ee728b)
Start importing Assets/_Game/Light/New Lighting Settings.lighting using Guid(09f862aa8db835f43b9eeff594e0e855) Importer(815301076,1909f56bfc062723c751e8b465ee728b)  -> (artifact id: 'acbce3ca5dcbe9bff628a6e72bfc8513') in 0.030777 seconds 
  Import took 0.039118 seconds .

========================================================================
Received Prepare
Registering precompiled user dll's ...
Registered in 0.040372 seconds.
Begin MonoManager ReloadAssembly
Native extension for WindowsStandalone target not found
Refreshing native plugins compatible for Editor in 0.60 ms, found 2 plugins.
Preloading 0 native plugins for Editor in 0.00 ms.
Mono: successfully reloaded assembly
- Completed reload, in  4.009 seconds
Domain Reload Profiling:
	ReloadAssembly (4019ms)
		BeginReloadAssembly (1078ms)
			ExecutionOrderSort (0ms)
			DisableScriptedObjects (79ms)
			BackupInstance (0ms)
			ReleaseScriptingObjects (3ms)
			CreateAndSetChildDomain (549ms)
		EndReloadAssembly (2654ms)
			LoadAssemblies (419ms)
			RebuildTransferFunctionScriptingTraits (0ms)
			SetupTypeCache (988ms)
			ReleaseScriptCaches (3ms)
			RebuildScriptCaches (145ms)
			SetupLoadedEditorAssemblies (804ms)
				LogAssemblyErrors (0ms)
				InitializePlatformSupportModulesInManaged (27ms)
				SetLoadedEditorAssemblies (3ms)
				RefreshPlugins (1ms)
				BeforeProcessingInitializeOnLoad (150ms)
				ProcessInitializeOnLoadAttributes (588ms)
				ProcessInitializeOnLoadMethodAttributes (21ms)
				AfterProcessingInitializeOnLoad (13ms)
				EditorAssembliesLoaded (0ms)
			ExecutionOrderSort2 (0ms)
			AwakeInstancesAfterBackupRestoration (13ms)
Platform modules already initialized, skipping
Refreshing native plugins compatible for Editor in 1.10 ms, found 2 plugins.
Preloading 0 native plugins for Editor in 0.00 ms.
Unloading 1897 Unused Serialized files (Serialized files now loaded: 0)
System memory in use before: 86.4 MB.
System memory in use after: 86.5 MB.

Unloading 14 unused Assets to reduce memory usage. Loaded Objects now: 2402.
Total: 9.783300 ms (FindLiveObjects: 0.488100 ms CreateObjectMapping: 0.157900 ms MarkObjects: 9.077000 ms  DeleteObjects: 0.057600 ms)

AssetImportParameters requested are different than current active one (requested -> active):
  custom:framework-win-MediaFoundation: 216162199b28c13a410421893ffa2e32 -> 
  custom:video-decoder-ogg-theora: a1e56fd34408186e4bbccfd4996cb3dc -> 
  custom:container-muxer-webm: aa71ff27fc2769a1b78a27578f13a17b -> 
  custom:container-demuxer-webm: 4f35f7cbe854078d1ac9338744f61a02 -> 
  custom:container-demuxer-ogg: 62fdf1f143b41e24485cea50d1cbac27 -> 
  custom:video-encoder-webm-vp8: eb34c28f22e8b96e1ab97ce403110664 -> 
  custom:video-decoder-webm-vp8: 9c59270c3fd7afecdb556c50c9e8de78 -> 
  custom:audio-decoder-ogg-vorbis: bf7c407c2cedff20999df2af8eb42d56 -> 
  custom:audio-encoder-webm-vorbis: bf7c407c2cedff20999df2af8eb42d56 -> 
AssetImportWorkerClient::OnTransportError - code=2 error=End of file
